Removed Pin From Net: NetName=NetP?_1 Pin=P?-1
Removed Pin From Net: NetName=RX Pin=P?-5
Removed Pin From Net: NetName=TX Pin=P?-6
Removed Pin From Net: NetName=5V Pin=P?-7
Removed Pin From Net: NetName=5V Pin=P?-7
Removed Pin From Net: NetName=GND Pin=P?-8
Removed Pin From Net: NetName=GND Pin=P?-8
Removed Pin From Net: NetName=NetC?_2 Pin=P?-9
Removed Pin From Net: NetName=PWM_1 Pin=P?-11
Removed Pin From Net: NetName=PWM_2 Pin=P?-12
Removed Pin From Net: NetName=LED_1 Pin=P?-13
Removed Pin From Net: NetName=LED Pin=P?-13
Removed Pin From Net: NetName=A5-G Pin=P?-15
Removed Pin From Net: NetName=A5 Pin=P?-15
Removed Pin From Net: NetName=A4-G Pin=P?-16
Removed Pin From Net: NetName=A4 Pin=P?-16
Removed Pin From Net: NetName=A3 Pin=P?-17
Removed Pin From Net: NetName=A2 Pin=P?-18
Removed Pin From Net: NetName=A1 Pin=P?-19
Removed Pin From Net: NetName=A0 Pin=P?-20
Removed Pin From Net: NetName=5V Pin=P?-23
Removed Pin From Net: NetName=5V Pin=P?-23
Removed Pin From Net: NetName=SCK Pin=P?-24
Removed Pin From Net: NetName=SCK Pin=P?-24
Removed Pin From Net: NetName=MISO Pin=P?-25
Removed Pin From Net: NetName=MISO Pin=P?-25
Removed Pin From Net: NetName=MOSI Pin=P?-26
Removed Pin From Net: NetName=MOSI Pin=P?-26
Removed Pin From Net: NetName=SLAVE_1 Pin=P?-27
Removed Pin From Net: NetName=SLAVE_2 Pin=P?-27
Removed Pin From Net: NetName=12v Pin=Reg_Rosetta?-2
Added Component: Designator=P?(HDR1X14)
Add component. Clean all parameters for all variants
Add component (AddParameter): Name = "LatestRevisionDate"; Value = "17-Jul-2002"; VariantName = "[No Variations]"
Add component (AddParameter): Name = "LatestRevisionNote"; Value = "Re-released for DXP Platform."; VariantName = "[No Variations]"
Add component (AddParameter): Name = "Publisher"; Value = "Altium Limited"; VariantName = "[No Variations]"
Added Component: Designator=P?(HDR1X14)
Add component. Clean all parameters for all variants
Add component (AddParameter): Name = "LatestRevisionDate"; Value = "17-Jul-2002"; VariantName = "[No Variations]"
Add component (AddParameter): Name = "LatestRevisionNote"; Value = "Re-released for DXP Platform."; VariantName = "[No Variations]"
Add component (AddParameter): Name = "Publisher"; Value = "Altium Limited"; VariantName = "[No Variations]"
Added Component: Designator=P?(HDR1X14)
Add component. Clean all parameters for all variants
Add component (AddParameter): Name = "LatestRevisionDate"; Value = "17-Jul-2002"; VariantName = "[No Variations]"
Add component (AddParameter): Name = "LatestRevisionNote"; Value = "Re-released for DXP Platform."; VariantName = "[No Variations]"
Add component (AddParameter): Name = "Publisher"; Value = "Altium Limited"; VariantName = "[No Variations]"
Added Component: Designator=P?(HDR1X14)
Add component. Clean all parameters for all variants
Add component (AddParameter): Name = "LatestRevisionDate"; Value = "17-Jul-2002"; VariantName = "[No Variations]"
Add component (AddParameter): Name = "LatestRevisionNote"; Value = "Re-released for DXP Platform."; VariantName = "[No Variations]"
Add component (AddParameter): Name = "Publisher"; Value = "Altium Limited"; VariantName = "[No Variations]"
Added Pin To Net: NetName=13 Pin=LV?-TX0
Added Pin To Net: NetName=13 Pin=LV?-TX0
Added Pin To Net: NetName=MOSI-R Pin=LV?-TX1
Added Pin To Net: NetName=MOSI-R Pin=LV?-TX1
Added Pin To Net: NetName=NetP?_1 Pin=P?-1
Added Pin To Net: NetName=SLAVE_1 Pin=P?-2
Added Pin To Net: NetName=SLAVE_2 Pin=P?-2
Added Pin To Net: NetName=MOSI Pin=P?-3
Added Pin To Net: NetName=MOSI Pin=P?-3
Added Pin To Net: NetName=MISO Pin=P?-4
Added Pin To Net: NetName=MISO Pin=P?-4
Added Pin To Net: NetName=RX Pin=P?-5
Added Pin To Net: NetName=SCK Pin=P?-5
Added Pin To Net: NetName=SCK Pin=P?-5
Added Pin To Net: NetName=5V Pin=P?-6
Added Pin To Net: NetName=5V Pin=P?-6
Added Pin To Net: NetName=TX Pin=P?-6
Added Pin To Net: NetName=5V Pin=P?-7
Added Pin To Net: NetName=5V Pin=P?-7
Added Pin To Net: NetName=GND Pin=P?-8
Added Pin To Net: NetName=GND Pin=P?-8
Added Pin To Net: NetName=A0 Pin=P?-9
Added Pin To Net: NetName=NetC?_2 Pin=P?-9
Added Pin To Net: NetName=A1 Pin=P?-10
Added Pin To Net: NetName=A2 Pin=P?-11
Added Pin To Net: NetName=PWM_1 Pin=P?-11
Added Pin To Net: NetName=A3 Pin=P?-12
Added Pin To Net: NetName=PWM_2 Pin=P?-12
Added Pin To Net: NetName=A4-G Pin=P?-13
Added Pin To Net: NetName=A4 Pin=P?-13
Added Pin To Net: NetName=LED_1 Pin=P?-13
Added Pin To Net: NetName=LED Pin=P?-13
Added Pin To Net: NetName=A5-G Pin=P?-14
Added Pin To Net: NetName=A5 Pin=P?-14
Added Pin To Net: NetName=NetLabel110 Pin=Reg_Rosetta?-2
Added Net: Name=NetLabel110
Added Member To Class: ClassName=ADCS board Member=Component C? Cap
Added Member To Class: ClassName=ADCS board Member=Component C? Cap
Added Member To Class: ClassName=ADCS board Member=Component C? Cap
Added Member To Class: ClassName=ADCS board Member=Component l? LDR
Added Member To Class: ClassName=ADCS board Member=Component L? LED
Added Member To Class: ClassName=ADCS board Member=Component l? LDR
Added Member To Class: ClassName=ADCS board Member=Component l? LDR
Added Member To Class: ClassName=ADCS board Member=Component l? LDR
Added Member To Class: ClassName=ADCS board Member=Component P? SPI_HEADER
Added Member To Class: ClassName=ADCS board Member=Component P? SPI_HEADER
Added Member To Class: ClassName=ADCS board Member=Component P? Servo_motor_2
Added Member To Class: ClassName=ADCS board Member=Component P? Header 14
Added Member To Class: ClassName=ADCS board Member=Component P? GPS
Added Member To Class: ClassName=ADCS board Member=Component P? PMB180
Added Member To Class: ClassName=ADCS board Member=Component P? Header 14
Added Member To Class: ClassName=ADCS board Member=Component P? Header 14
Added Member To Class: ClassName=ADCS board Member=Component P? SPI_HEADER
Added Member To Class: ClassName=ADCS board Member=Component P? Servo_motor_1
Added Member To Class: ClassName=ADCS board Member=Component R? resistor
Added Member To Class: ClassName=ADCS board Member=Component R? resistor
Added Member To Class: ClassName=ADCS board Member=Component R? resistor
Added Member To Class: ClassName=ADCS board Member=Component R? resistor
Added Member To Class: ClassName=ADCS board Member=Component R? resistor
Added Member To Class: ClassName=ADCS board Member=Component R? resistor
Added Member To Class: ClassName=ADCS board Member=Component R? resistor
Added Member To Class: ClassName=ADCS board Member=Component Y? XTAL
