Removed Pin From Net: NetName=GND Pin=G1-GND
Removed Pin From Net: NetName=A5-G Pin=G1-SCL
Removed Pin From Net: NetName=A4-G Pin=G1-SDA
Removed Pin From Net: NetName=5V Pin=G1-VCC
Added Component: Designator=G1(HDR1X8)
Add component. Clean all parameters for all variants
Add component (AddParameter): Name = "LatestRevisionDate"; Value = "17-Jul-2002"; VariantName = "[No Variations]"
Add component (AddParameter): Name = "LatestRevisionNote"; Value = "Re-released for DXP Platform."; VariantName = "[No Variations]"
Add component (AddParameter): Name = "Publisher"; Value = "Altium Limited"; VariantName = "[No Variations]"
Added Pin To Net: NetName=XTAL1 Pin=C1-2
Added Pin To Net: NetName=5V Pin=G1-1
Added Pin To Net: NetName=GND Pin=G1-2
Added Pin To Net: NetName=A5-G Pin=G1-3
Added Pin To Net: NetName=A4-G Pin=G1-4
Added Pin To Net: NetName=GND Pin=LV1-TX0
Added Pin To Net: NetName=GND Pin=LV1-TX0
Added Pin To Net: NetName=SCK Pin=LV1-TX0
Added Pin To Net: NetName=SCK Pin=LV1-TX0
Added Pin To Net: NetName=SCK-R Pin=LV1-TX1
Added Pin To Net: NetName=SCK-R Pin=LV1-TX1
