Removed Pin From Net: NetName=SCK Pin=LV?-HV
Removed Pin From Net: NetName=13 Pin=LV?-TX0
Removed Pin From Net: NetName=13 Pin=LV?-TX0
Added Pin To Net: NetName=XTAL1 Pin=C?-2
Added Pin To Net: NetName=13 Pin=LV?-HV
Added Pin To Net: NetName=GND-R Pin=LV?-TX0
Added Pin To Net: NetName=GND-R Pin=LV?-TX0
Added Pin To Net: NetName=MOSI Pin=LV?-TX0
Added Pin To Net: NetName=MOSI Pin=LV?-TX0
Added Pin To Net: NetName=SCK Pin=LV?-TX0
Added Pin To Net: NetName=SCK Pin=LV?-TX0
Added Pin To Net: NetName=SCK-R Pin=LV?-TX1
Added Pin To Net: NetName=SCK-R Pin=LV?-TX1
Added Pin To Net: NetName=GND-TE Pin=Reg_Rosetta?-2
Added Pin To Net: NetName=XTAL3 Pin=Y?-2
Change Net Name : Old Net Name=13 New Net Name=5V
Added Member To Class: ClassName=ADCS board Member=Component C? (C2) Cap
Added Member To Class: ClassName=ADCS board Member=Component C? (C3) Cap
Added Member To Class: ClassName=ADCS board Member=Component C? (C4) Cap
Added Member To Class: ClassName=ADCS board Member=Component l? (l2) LDR
Added Member To Class: ClassName=ADCS board Member=Component L? (L5) LED
Added Member To Class: ClassName=ADCS board Member=Component l? (l6) LDR
Added Member To Class: ClassName=ADCS board Member=Component l? (l4) LDR
Added Member To Class: ClassName=ADCS board Member=Component P? (P11) SPI_HEADER
Added Member To Class: ClassName=ADCS board Member=Component P? (P10) SPI_HEADER
Added Member To Class: ClassName=ADCS board Member=Component P? (P2) Header 14
Added Member To Class: ClassName=ADCS board Member=Component P? (P9) Servo_motor_2
Added Member To Class: ClassName=ADCS board Member=Component P? (P6) PMB180
Added Member To Class: ClassName=ADCS board Member=Component P? (P4) Header 14
Added Member To Class: ClassName=ADCS board Member=Component P? (P7) SPI_HEADER
Added Member To Class: ClassName=ADCS board Member=Component P? (P8) Servo_motor_1
Added Member To Class: ClassName=ADCS board Member=Component P? (P5) GPS
Added Member To Class: ClassName=ADCS board Member=Component P? (P3) Header 14
Added Member To Class: ClassName=ADCS board Member=Component R? (R4) resistor
Added Member To Class: ClassName=ADCS board Member=Component R? (R7) resistor
Added Member To Class: ClassName=ADCS board Member=Component R? (R8) resistor
Added Member To Class: ClassName=ADCS board Member=Component R? (R2) resistor
Added Member To Class: ClassName=ADCS board Member=Component R? (R5) resistor
Added Member To Class: ClassName=ADCS board Member=Component R? (R3) resistor
Added Member To Class: ClassName=ADCS board Member=Component Y? (Y2) XTAL
