Remove Pin=C2-2 From Net=XTAL3
Remove Pin=C3-2 From Net=XTAL2
Remove Pin=C4-2 From Net=XTAL4
Remove Pin=G1-SCL From Net=A5-G
Remove Pin=G1-SDA From Net=A4-G
Remove Pin=G1-VCC From Net=5V
Remove Pin=l1-2 From Net=5V-TE
Remove Pin=l2-2 From Net=5V-TE
Remove Pin=L3-2 From Net=LED_1
Remove Pin=l4-2 From Net=5V-TE
Remove Pin=L5-2 From Net=LED
Remove Pin=l6-2 From Net=5V-TE
Remove Pin=LV1-HV From Net=5V
Remove Pin=LV1-LV From Net=3.3V
Remove Pin=LV1-RX0 From Net=MISO-R
Remove Pin=LV1-RX1 From Net=MISO
Remove Pin=LV1-TX0 From Net=MOSI
Remove Pin=LV1-TX1 From Net=MOSI-R
Remove Pin=P1-5 From Net=RX
Remove Pin=P1-6 From Net=TX
Remove Pin=P1-7 From Net=5V-TE
Remove Pin=P1-9 From Net=XTAL1
Remove Pin=P1-10 From Net=XTAL2
Remove Pin=P1-13 From Net=LED_1
Remove Pin=P2-2 From Net=SLAVE_2
Remove Pin=P2-3 From Net=MOSI
Remove Pin=P2-4 From Net=MISO
Remove Pin=P2-5 From Net=SCK
Remove Pin=P2-6 From Net=5V-TE
Remove Pin=P2-9 From Net=A0
Remove Pin=P2-10 From Net=A1
Remove Pin=P2-11 From Net=A2
Remove Pin=P2-12 From Net=A3
Remove Pin=P2-13 From Net=A4
Remove Pin=P2-14 From Net=A5
Remove Pin=P3-7 From Net=5V
Remove Pin=P3-9 From Net=XTAL3
Remove Pin=P3-10 From Net=XTAL4
Remove Pin=P3-11 From Net=PWM_1
Remove Pin=P3-12 From Net=PWM_2
Remove Pin=P3-13 From Net=LED
Remove Pin=P4-2 From Net=SLAVE_1
Remove Pin=P4-3 From Net=MOSI
Remove Pin=P4-4 From Net=MISO
Remove Pin=P4-5 From Net=SCK
Remove Pin=P4-6 From Net=5V
Remove Pin=P4-13 From Net=A4-G
Remove Pin=P4-14 From Net=A5-G
Remove Pin=P5-1 From Net=5V-TE
Remove Pin=P5-2 From Net=RX
Remove Pin=P5-3 From Net=TX
Remove Pin=P6-1 From Net=5V-TE
Remove Pin=P6-3 From Net=A5
Remove Pin=P6-4 From Net=A4
Remove Pin=P7-1 From Net=SLAVE_2
Remove Pin=P7-2 From Net=MOSI
Remove Pin=P7-3 From Net=MISO
Remove Pin=P7-4 From Net=SCK
Remove Pin=P7-5 From Net=5V
Remove Pin=P8-2 From Net=5V
Remove Pin=P8-3 From Net=PWM_1
Remove Pin=P9-2 From Net=5V
Remove Pin=P9-3 From Net=PWM_2
Remove Pin=P10-2 From Net=MOSI
Remove Pin=P10-3 From Net=MISO
Remove Pin=P10-4 From Net=SCK
Remove Pin=P10-5 From Net=5V-TE
Remove Pin=P11-1 From Net=3.3V
Remove Pin=P11-2 From Net=MOSI-R
Remove Pin=P11-3 From Net=MISO-R
Remove Pin=P11-4 From Net=SCK-R
Remove Pin=P11-5 From Net=GND-R
Remove Pin=P11-6 From Net=SLAVE_1
Remove Pin=P11-7 From Net=SLAVE_2
Remove Pin=R1-1 From Net=5V-TE
Remove Pin=R2-1 From Net=5V
Remove Pin=Reg_Rosetta1-2 From Net=12v
Remove Pin=Reulator1-1 From Net=12v
Remove Pin=Reulator1-2 From Net=5V-TE
Remove Pin=Y1-1 From Net=XTAL2
Remove Pin=Y1-2 From Net=XTAL1
Remove Pin=Y2-1 From Net=XTAL4
Remove Pin=Y2-2 From Net=XTAL3
