Added Component: Designator=L?(LED)
Add component. Clean all parameters for all variants
Add component (AddParameter): Name = "Created By"; Value = "Nour Aldin"; VariantName = "[No Variations]"
Added Component: Designator=P?(HDR1X3)
Add component. Clean all parameters for all variants
Add component (AddParameter): Name = "LatestRevisionDate"; Value = "17-Jul-2002"; VariantName = "[No Variations]"
Add component (AddParameter): Name = "LatestRevisionNote"; Value = "Re-released for DXP Platform."; VariantName = "[No Variations]"
Add component (AddParameter): Name = "Publisher"; Value = "Altium Limited"; VariantName = "[No Variations]"
Added Component: Designator=P?(HDR1X3)
Add component. Clean all parameters for all variants
Add component (AddParameter): Name = "LatestRevisionDate"; Value = "17-Jul-2002"; VariantName = "[No Variations]"
Add component (AddParameter): Name = "LatestRevisionNote"; Value = "Re-released for DXP Platform."; VariantName = "[No Variations]"
Add component (AddParameter): Name = "Publisher"; Value = "Altium Limited"; VariantName = "[No Variations]"
Added Component: Designator=R?(Resistor)
Add component. Clean all parameters for all variants
Add component (AddParameter): Name = "Created By"; Value = "Nour Aldin"; VariantName = "[No Variations]"
Added Member To Class: ClassName=ADCS board Member=Component L? LED
Added Member To Class: ClassName=ADCS board Member=Component P? Header 14X2A
Added Member To Class: ClassName=ADCS board Member=Component P? Header 7
Added Member To Class: ClassName=ADCS board Member=Component P? Header 3
Added Member To Class: ClassName=ADCS board Member=Component R? resistor
