Added Component: Designator=C1(RAD-0.3)
Add component. Clean all parameters for all variants
Add component (AddParameter): Name = "LatestRevisionDate"; Value = "17-Jul-2002"; VariantName = "[No Variations]"
Add component (AddParameter): Name = "LatestRevisionNote"; Value = "Re-released for DXP Platform."; VariantName = "[No Variations]"
Add component (AddParameter): Name = "PackageDescription"; Value = "Radial Cap, Thru-Hole; 2 Leads; 0.3 in Pin Spacing"; VariantName = "[No Variations]"
Add component (AddParameter): Name = "PackageReference"; Value = "RAD-0.3"; VariantName = "[No Variations]"
Add component (AddParameter): Name = "Published"; Value = "8-Jun-2000"; VariantName = "[No Variations]"
Add component (AddParameter): Name = "Publisher"; Value = "Altium Limited"; VariantName = "[No Variations]"
Add component (AddParameter): Name = "Value"; Value = "30pF"; VariantName = "[No Variations]"
Added Component: Designator=C2(RAD-0.3)
Add component. Clean all parameters for all variants
Add component (AddParameter): Name = "LatestRevisionDate"; Value = "17-Jul-2002"; VariantName = "[No Variations]"
Add component (AddParameter): Name = "LatestRevisionNote"; Value = "Re-released for DXP Platform."; VariantName = "[No Variations]"
Add component (AddParameter): Name = "PackageDescription"; Value = "Radial Cap, Thru-Hole; 2 Leads; 0.3 in Pin Spacing"; VariantName = "[No Variations]"
Add component (AddParameter): Name = "PackageReference"; Value = "RAD-0.3"; VariantName = "[No Variations]"
Add component (AddParameter): Name = "Published"; Value = "8-Jun-2000"; VariantName = "[No Variations]"
Add component (AddParameter): Name = "Publisher"; Value = "Altium Limited"; VariantName = "[No Variations]"
Add component (AddParameter): Name = "Value"; Value = "30pF"; VariantName = "[No Variations]"
Added Component: Designator=C3(RAD-0.3)
Add component. Clean all parameters for all variants
Add component (AddParameter): Name = "LatestRevisionDate"; Value = "17-Jul-2002"; VariantName = "[No Variations]"
Add component (AddParameter): Name = "LatestRevisionNote"; Value = "Re-released for DXP Platform."; VariantName = "[No Variations]"
Add component (AddParameter): Name = "PackageDescription"; Value = "Radial Cap, Thru-Hole; 2 Leads; 0.3 in Pin Spacing"; VariantName = "[No Variations]"
Add component (AddParameter): Name = "PackageReference"; Value = "RAD-0.3"; VariantName = "[No Variations]"
Add component (AddParameter): Name = "Published"; Value = "8-Jun-2000"; VariantName = "[No Variations]"
Add component (AddParameter): Name = "Publisher"; Value = "Altium Limited"; VariantName = "[No Variations]"
Add component (AddParameter): Name = "Value"; Value = "30pF"; VariantName = "[No Variations]"
Added Component: Designator=C4(RAD-0.3)
Add component. Clean all parameters for all variants
Add component (AddParameter): Name = "LatestRevisionDate"; Value = "17-Jul-2002"; VariantName = "[No Variations]"
Add component (AddParameter): Name = "LatestRevisionNote"; Value = "Re-released for DXP Platform."; VariantName = "[No Variations]"
Add component (AddParameter): Name = "PackageDescription"; Value = "Radial Cap, Thru-Hole; 2 Leads; 0.3 in Pin Spacing"; VariantName = "[No Variations]"
Add component (AddParameter): Name = "PackageReference"; Value = "RAD-0.3"; VariantName = "[No Variations]"
Add component (AddParameter): Name = "Published"; Value = "8-Jun-2000"; VariantName = "[No Variations]"
Add component (AddParameter): Name = "Publisher"; Value = "Altium Limited"; VariantName = "[No Variations]"
Add component (AddParameter): Name = "Value"; Value = "30pF"; VariantName = "[No Variations]"
Added Component: Designator=G1(Gyro-scope)
Add component. Clean all parameters for all variants
Added Component: Designator=l1(ldr)
Add component. Clean all parameters for all variants
Added Component: Designator=l2(ldr)
Add component. Clean all parameters for all variants
Added Component: Designator=L3(LED)
Add component. Clean all parameters for all variants
Add component (AddParameter): Name = "Created By"; Value = "Nour Aldin"; VariantName = "[No Variations]"
Added Component: Designator=l4(ldr)
Add component. Clean all parameters for all variants
Added Component: Designator=L5(LED)
Add component. Clean all parameters for all variants
Add component (AddParameter): Name = "Created By"; Value = "Nour Aldin"; VariantName = "[No Variations]"
Added Component: Designator=l6(ldr)
Add component. Clean all parameters for all variants
Added Component: Designator=LV1(Level shifter)
Add component. Clean all parameters for all variants
Added Component: Designator=P1(HDR1X14)
Add component. Clean all parameters for all variants
Add component (AddParameter): Name = "LatestRevisionDate"; Value = "17-Jul-2002"; VariantName = "[No Variations]"
Add component (AddParameter): Name = "LatestRevisionNote"; Value = "Re-released for DXP Platform."; VariantName = "[No Variations]"
Add component (AddParameter): Name = "Publisher"; Value = "Altium Limited"; VariantName = "[No Variations]"
Added Component: Designator=P2(HDR1X14)
Add component. Clean all parameters for all variants
Add component (AddParameter): Name = "LatestRevisionDate"; Value = "17-Jul-2002"; VariantName = "[No Variations]"
Add component (AddParameter): Name = "LatestRevisionNote"; Value = "Re-released for DXP Platform."; VariantName = "[No Variations]"
Add component (AddParameter): Name = "Publisher"; Value = "Altium Limited"; VariantName = "[No Variations]"
Added Component: Designator=P3(HDR1X14)
Add component. Clean all parameters for all variants
Add component (AddParameter): Name = "LatestRevisionDate"; Value = "17-Jul-2002"; VariantName = "[No Variations]"
Add component (AddParameter): Name = "LatestRevisionNote"; Value = "Re-released for DXP Platform."; VariantName = "[No Variations]"
Add component (AddParameter): Name = "Publisher"; Value = "Altium Limited"; VariantName = "[No Variations]"
Added Component: Designator=P4(HDR1X14)
Add component. Clean all parameters for all variants
Add component (AddParameter): Name = "LatestRevisionDate"; Value = "17-Jul-2002"; VariantName = "[No Variations]"
Add component (AddParameter): Name = "LatestRevisionNote"; Value = "Re-released for DXP Platform."; VariantName = "[No Variations]"
Add component (AddParameter): Name = "Publisher"; Value = "Altium Limited"; VariantName = "[No Variations]"
Added Component: Designator=P5(HDR1X4)
Add component. Clean all parameters for all variants
Add component (AddParameter): Name = "LatestRevisionDate"; Value = "17-Jul-2002"; VariantName = "[No Variations]"
Add component (AddParameter): Name = "LatestRevisionNote"; Value = "Re-released for DXP Platform."; VariantName = "[No Variations]"
Add component (AddParameter): Name = "Publisher"; Value = "Altium Limited"; VariantName = "[No Variations]"
Added Component: Designator=P6(HDR1X4)
Add component. Clean all parameters for all variants
Add component (AddParameter): Name = "LatestRevisionDate"; Value = "17-Jul-2002"; VariantName = "[No Variations]"
Add component (AddParameter): Name = "LatestRevisionNote"; Value = "Re-released for DXP Platform."; VariantName = "[No Variations]"
Add component (AddParameter): Name = "Publisher"; Value = "Altium Limited"; VariantName = "[No Variations]"
Added Component: Designator=P7(HDR1X7)
Add component. Clean all parameters for all variants
Add component (AddParameter): Name = "LatestRevisionDate"; Value = "17-Jul-2002"; VariantName = "[No Variations]"
Add component (AddParameter): Name = "LatestRevisionNote"; Value = "Re-released for DXP Platform."; VariantName = "[No Variations]"
Add component (AddParameter): Name = "Publisher"; Value = "Altium Limited"; VariantName = "[No Variations]"
Added Component: Designator=P8(HDR1X3)
Add component. Clean all parameters for all variants
Add component (AddParameter): Name = "LatestRevisionDate"; Value = "17-Jul-2002"; VariantName = "[No Variations]"
Add component (AddParameter): Name = "LatestRevisionNote"; Value = "Re-released for DXP Platform."; VariantName = "[No Variations]"
Add component (AddParameter): Name = "Publisher"; Value = "Altium Limited"; VariantName = "[No Variations]"
Added Component: Designator=P9(HDR1X3)
Add component. Clean all parameters for all variants
Add component (AddParameter): Name = "LatestRevisionDate"; Value = "17-Jul-2002"; VariantName = "[No Variations]"
Add component (AddParameter): Name = "LatestRevisionNote"; Value = "Re-released for DXP Platform."; VariantName = "[No Variations]"
Add component (AddParameter): Name = "Publisher"; Value = "Altium Limited"; VariantName = "[No Variations]"
Added Component: Designator=P10(HDR1X7)
Add component. Clean all parameters for all variants
Add component (AddParameter): Name = "LatestRevisionDate"; Value = "17-Jul-2002"; VariantName = "[No Variations]"
Add component (AddParameter): Name = "LatestRevisionNote"; Value = "Re-released for DXP Platform."; VariantName = "[No Variations]"
Add component (AddParameter): Name = "Publisher"; Value = "Altium Limited"; VariantName = "[No Variations]"
Added Component: Designator=P11(HDR1X7)
Add component. Clean all parameters for all variants
Add component (AddParameter): Name = "LatestRevisionDate"; Value = "17-Jul-2002"; VariantName = "[No Variations]"
Add component (AddParameter): Name = "LatestRevisionNote"; Value = "Re-released for DXP Platform."; VariantName = "[No Variations]"
Add component (AddParameter): Name = "Publisher"; Value = "Altium Limited"; VariantName = "[No Variations]"
Added Component: Designator=R1(Resistor)
Add component. Clean all parameters for all variants
Add component (AddParameter): Name = "Created By"; Value = "Nour Aldin"; VariantName = "[No Variations]"
Added Component: Designator=R2(Resistor)
Add component. Clean all parameters for all variants
Add component (AddParameter): Name = "Created By"; Value = "Nour Aldin"; VariantName = "[No Variations]"
Added Component: Designator=R3(Resistor)
Add component. Clean all parameters for all variants
Add component (AddParameter): Name = "Created By"; Value = "Nour Aldin"; VariantName = "[No Variations]"
Added Component: Designator=R4(Resistor)
Add component. Clean all parameters for all variants
Add component (AddParameter): Name = "Created By"; Value = "Nour Aldin"; VariantName = "[No Variations]"
Added Component: Designator=R5(Resistor)
Add component. Clean all parameters for all variants
Add component (AddParameter): Name = "Created By"; Value = "Nour Aldin"; VariantName = "[No Variations]"
Added Component: Designator=R6(Resistor)
Add component. Clean all parameters for all variants
Add component (AddParameter): Name = "Created By"; Value = "Nour Aldin"; VariantName = "[No Variations]"
Added Component: Designator=R7(Resistor)
Add component. Clean all parameters for all variants
Add component (AddParameter): Name = "Created By"; Value = "Nour Aldin"; VariantName = "[No Variations]"
Added Component: Designator=R8(Resistor)
Add component. Clean all parameters for all variants
Add component (AddParameter): Name = "Created By"; Value = "Nour Aldin"; VariantName = "[No Variations]"
Added Component: Designator=Reg_Rosetta1(Rossetta 2-pin)
Add component. Clean all parameters for all variants
Added Component: Designator=Reulator1(7805 REGULATOR)
Add component. Clean all parameters for all variants
Added Component: Designator=Y1(R38)
Add component. Clean all parameters for all variants
Add component (AddParameter): Name = "LatestRevisionDate"; Value = "17-Jul-2002"; VariantName = "[No Variations]"
Add component (AddParameter): Name = "LatestRevisionNote"; Value = "Re-released for DXP Platform."; VariantName = "[No Variations]"
Add component (AddParameter): Name = "PackageDescription"; Value = "Crystal, Thru-Hole; 2 Leads; Body 3.1 x 8.2 mm (Dia.xH)"; VariantName = "[No Variations]"
Add component (AddParameter): Name = "PackageReference"; Value = "R38"; VariantName = "[No Variations]"
Add component (AddParameter): Name = "Published"; Value = "8-Jun-2000"; VariantName = "[No Variations]"
Add component (AddParameter): Name = "Publisher"; Value = "Altium Limited"; VariantName = "[No Variations]"
Added Component: Designator=Y2(R38)
Add component. Clean all parameters for all variants
Add component (AddParameter): Name = "LatestRevisionDate"; Value = "17-Jul-2002"; VariantName = "[No Variations]"
Add component (AddParameter): Name = "LatestRevisionNote"; Value = "Re-released for DXP Platform."; VariantName = "[No Variations]"
Add component (AddParameter): Name = "PackageDescription"; Value = "Crystal, Thru-Hole; 2 Leads; Body 3.1 x 8.2 mm (Dia.xH)"; VariantName = "[No Variations]"
Add component (AddParameter): Name = "PackageReference"; Value = "R38"; VariantName = "[No Variations]"
Add component (AddParameter): Name = "Published"; Value = "8-Jun-2000"; VariantName = "[No Variations]"
Add component (AddParameter): Name = "Publisher"; Value = "Altium Limited"; VariantName = "[No Variations]"
Added Pin To Net: NetName=GND-TE Pin=C1-2
Added Pin To Net: NetName=XTAL1 Pin=C1-2
Added Pin To Net: NetName=GND Pin=C2-1
Added Pin To Net: NetName=XTAL3 Pin=C2-2
Added Pin To Net: NetName=GND-TE Pin=C3-1
Added Pin To Net: NetName=XTAL2 Pin=C3-2
Added Pin To Net: NetName=GND Pin=C4-1
Added Pin To Net: NetName=XTAL4 Pin=C4-2
Added Pin To Net: NetName=GND Pin=G1-GND
Added Pin To Net: NetName=A5-G Pin=G1-SCL
Added Pin To Net: NetName=A4-G Pin=G1-SDA
Added Pin To Net: NetName=5V Pin=G1-VCC
Added Pin To Net: NetName=A0 Pin=l1-1
Added Pin To Net: NetName=5V-TE Pin=l1-2
Added Pin To Net: NetName=A1 Pin=l2-1
Added Pin To Net: NetName=5V-TE Pin=l2-2
Added Pin To Net: NetName=NetL3_1 Pin=L3-1
Added Pin To Net: NetName=LED_1 Pin=L3-2
Added Pin To Net: NetName=A2 Pin=l4-1
Added Pin To Net: NetName=5V-TE Pin=l4-2
Added Pin To Net: NetName=NetL5_1 Pin=L5-1
Added Pin To Net: NetName=LED Pin=L5-2
Added Pin To Net: NetName=A3 Pin=l6-1
Added Pin To Net: NetName=5V-TE Pin=l6-2
Added Pin To Net: NetName=GND Pin=LV1-GND
Added Pin To Net: NetName=GND Pin=LV1-GND
Added Pin To Net: NetName=5V Pin=LV1-HV
Added Pin To Net: NetName=3.3V Pin=LV1-LV
Added Pin To Net: NetName=MISO-R Pin=LV1-RX0
Added Pin To Net: NetName=MISO-R Pin=LV1-RX0
Added Pin To Net: NetName=MISO Pin=LV1-RX1
Added Pin To Net: NetName=MISO Pin=LV1-RX1
Added Pin To Net: NetName=GND Pin=LV1-TX0
Added Pin To Net: NetName=GND Pin=LV1-TX0
Added Pin To Net: NetName=MOSI Pin=LV1-TX0
Added Pin To Net: NetName=MOSI Pin=LV1-TX0
Added Pin To Net: NetName=SCK Pin=LV1-TX0
Added Pin To Net: NetName=SCK Pin=LV1-TX0
Added Pin To Net: NetName=MOSI-R Pin=LV1-TX1
Added Pin To Net: NetName=MOSI-R Pin=LV1-TX1
Added Pin To Net: NetName=SCK-R Pin=LV1-TX1
Added Pin To Net: NetName=SCK-R Pin=LV1-TX1
Added Pin To Net: NetName=NetP1_1 Pin=P1-1
Added Pin To Net: NetName=RX Pin=P1-5
Added Pin To Net: NetName=TX Pin=P1-6
Added Pin To Net: NetName=5V-TE Pin=P1-7
Added Pin To Net: NetName=GND-TE Pin=P1-8
Added Pin To Net: NetName=XTAL1 Pin=P1-9
Added Pin To Net: NetName=XTAL2 Pin=P1-10
Added Pin To Net: NetName=LED_1 Pin=P1-13
Added Pin To Net: NetName=SLAVE_2 Pin=P2-2
Added Pin To Net: NetName=MOSI Pin=P2-3
Added Pin To Net: NetName=MISO Pin=P2-4
Added Pin To Net: NetName=SCK Pin=P2-5
Added Pin To Net: NetName=5V-TE Pin=P2-6
Added Pin To Net: NetName=A0 Pin=P2-9
Added Pin To Net: NetName=A1 Pin=P2-10
Added Pin To Net: NetName=A2 Pin=P2-11
Added Pin To Net: NetName=A3 Pin=P2-12
Added Pin To Net: NetName=A4 Pin=P2-13
Added Pin To Net: NetName=A5 Pin=P2-14
Added Pin To Net: NetName=NetP3_1 Pin=P3-1
Added Pin To Net: NetName=5V Pin=P3-7
Added Pin To Net: NetName=GND Pin=P3-8
Added Pin To Net: NetName=XTAL3 Pin=P3-9
Added Pin To Net: NetName=XTAL4 Pin=P3-10
Added Pin To Net: NetName=PWM_1 Pin=P3-11
Added Pin To Net: NetName=PWM_2 Pin=P3-12
Added Pin To Net: NetName=LED Pin=P3-13
Added Pin To Net: NetName=SLAVE_1 Pin=P4-2
Added Pin To Net: NetName=MOSI Pin=P4-3
Added Pin To Net: NetName=MISO Pin=P4-4
Added Pin To Net: NetName=SCK Pin=P4-5
Added Pin To Net: NetName=5V Pin=P4-6
Added Pin To Net: NetName=A4-G Pin=P4-13
Added Pin To Net: NetName=A5-G Pin=P4-14
Added Pin To Net: NetName=5V-TE Pin=P5-1
Added Pin To Net: NetName=RX Pin=P5-2
Added Pin To Net: NetName=TX Pin=P5-3
Added Pin To Net: NetName=GND-TE Pin=P5-4
Added Pin To Net: NetName=5V-TE Pin=P6-1
Added Pin To Net: NetName=GND-TE Pin=P6-2
Added Pin To Net: NetName=A5 Pin=P6-3
Added Pin To Net: NetName=A4 Pin=P6-4
Added Pin To Net: NetName=SLAVE_2 Pin=P7-1
Added Pin To Net: NetName=MOSI Pin=P7-2
Added Pin To Net: NetName=MISO Pin=P7-3
Added Pin To Net: NetName=SCK Pin=P7-4
Added Pin To Net: NetName=5V Pin=P7-5
Added Pin To Net: NetName=GND Pin=P7-6
Added Pin To Net: NetName=GND Pin=P8-1
Added Pin To Net: NetName=5V Pin=P8-2
Added Pin To Net: NetName=PWM_1 Pin=P8-3
Added Pin To Net: NetName=GND Pin=P9-1
Added Pin To Net: NetName=5V Pin=P9-2
Added Pin To Net: NetName=PWM_2 Pin=P9-3
Added Pin To Net: NetName=MOSI Pin=P10-2
Added Pin To Net: NetName=MISO Pin=P10-3
Added Pin To Net: NetName=SCK Pin=P10-4
Added Pin To Net: NetName=5V-TE Pin=P10-5
Added Pin To Net: NetName=GND-TE Pin=P10-6
Added Pin To Net: NetName=3.3V Pin=P11-1
Added Pin To Net: NetName=MOSI-R Pin=P11-2
Added Pin To Net: NetName=MISO-R Pin=P11-3
Added Pin To Net: NetName=SCK-R Pin=P11-4
Added Pin To Net: NetName=GND-R Pin=P11-5
Added Pin To Net: NetName=SLAVE_1 Pin=P11-6
Added Pin To Net: NetName=SLAVE_2 Pin=P11-7
Added Pin To Net: NetName=5V-TE Pin=R1-1
Added Pin To Net: NetName=NetP1_1 Pin=R1-2
Added Pin To Net: NetName=5V Pin=R2-1
Added Pin To Net: NetName=NetP3_1 Pin=R2-2
Added Pin To Net: NetName=A0 Pin=R3-1
Added Pin To Net: NetName=GND-TE Pin=R3-2
Added Pin To Net: NetName=A1 Pin=R4-1
Added Pin To Net: NetName=GND-TE Pin=R4-2
Added Pin To Net: NetName=A2 Pin=R5-1
Added Pin To Net: NetName=GND-TE Pin=R5-2
Added Pin To Net: NetName=NetL3_1 Pin=R6-1
Added Pin To Net: NetName=GND Pin=R6-2
Added Pin To Net: NetName=A3 Pin=R7-1
Added Pin To Net: NetName=GND-TE Pin=R7-2
Added Pin To Net: NetName=NetL5_1 Pin=R8-1
Added Pin To Net: NetName=GND Pin=R8-2
Added Pin To Net: NetName=GND-TE Pin=Reg_Rosetta1-1
Added Pin To Net: NetName=12v Pin=Reg_Rosetta1-2
Added Pin To Net: NetName=12v Pin=Reulator1-1
Added Pin To Net: NetName=5V-TE Pin=Reulator1-2
Added Pin To Net: NetName=GND-TE Pin=Reulator1-3
Added Pin To Net: NetName=XTAL2 Pin=Y1-1
Added Pin To Net: NetName=XTAL1 Pin=Y1-2
Added Pin To Net: NetName=XTAL4 Pin=Y2-1
Added Pin To Net: NetName=XTAL3 Pin=Y2-2
Added Member To Class: ClassName=ADCS board Member=Component C1 Cap
Added Member To Class: ClassName=ADCS board Member=Component C2 Cap
Added Member To Class: ClassName=ADCS board Member=Component C3 Cap
Added Member To Class: ClassName=ADCS board Member=Component C4 Cap
Added Member To Class: ClassName=ADCS board Member=Component G1 MPU-6050
Added Member To Class: ClassName=ADCS board Member=Component l1 LDR
Added Member To Class: ClassName=ADCS board Member=Component l2 LDR
Added Member To Class: ClassName=ADCS board Member=Component L3 LED
Added Member To Class: ClassName=ADCS board Member=Component l4 LDR
Added Member To Class: ClassName=ADCS board Member=Component L5 LED
Added Member To Class: ClassName=ADCS board Member=Component l6 LDR
Added Member To Class: ClassName=ADCS board Member=Component LV1 used in connection between 2 different workink voltage microcontrollers like ( RPI and ARUONO) .
Added Member To Class: ClassName=ADCS board Member=Component P1 Header 14
Added Member To Class: ClassName=ADCS board Member=Component P2 Header 14
Added Member To Class: ClassName=ADCS board Member=Component P3 Header 14
Added Member To Class: ClassName=ADCS board Member=Component P4 Header 14
Added Member To Class: ClassName=ADCS board Member=Component P5 GPS
Added Member To Class: ClassName=ADCS board Member=Component P6 PMB180
Added Member To Class: ClassName=ADCS board Member=Component P7 SPI_HEADER
Added Member To Class: ClassName=ADCS board Member=Component P8 Servo_motor_1
Added Member To Class: ClassName=ADCS board Member=Component P9 Servo_motor_2
Added Member To Class: ClassName=ADCS board Member=Component P10 SPI_HEADER
Added Member To Class: ClassName=ADCS board Member=Component P11 SPI_HEADER
Added Member To Class: ClassName=ADCS board Member=Component R1 resistor
Added Member To Class: ClassName=ADCS board Member=Component R2 resistor
Added Member To Class: ClassName=ADCS board Member=Component R3 resistor
Added Member To Class: ClassName=ADCS board Member=Component R4 resistor
Added Member To Class: ClassName=ADCS board Member=Component R5 resistor
Added Member To Class: ClassName=ADCS board Member=Component R6 resistor
Added Member To Class: ClassName=ADCS board Member=Component R7 resistor
Added Member To Class: ClassName=ADCS board Member=Component R8 resistor
Added Member To Class: ClassName=ADCS board Member=Component Reg_Rosetta1 Rossetta
Added Member To Class: ClassName=ADCS board Member=Component Reulator1 7805
Added Member To Class: ClassName=ADCS board Member=Component Y1 XTAL
Added Member To Class: ClassName=ADCS board Member=Component Y2 XTAL
